g++ -c -I../include -I../src -I../thirdparty/ -I../thirdparty/iir1/local/include -I/usr/include/boost/ -g -Wall -O2 -fPIC -mavx  -std=c++11  -o Allocator.o Allocator.cpp
g++ -c -I../include -I../src -I../thirdparty/ -I../thirdparty/iir1/local/include -I/usr/include/boost/ -g -Wall -O2 -fPIC -mavx  -std=c++11  -o AnalysisOuput.o AnalysisOuput.cpp
g++ -c -I../include -I../src -I../thirdparty/ -I../thirdparty/iir1/local/include -I/usr/include/boost/ -g -Wall -O2 -fPIC -mavx  -std=c++11  -o BivAnalysisMt.o BivAnalysisMt.cpp
g++ -c -I../include -I../src -I../thirdparty/ -I../thirdparty/iir1/local/include -I/usr/include/boost/ -g -Wall -O2 -fPIC -mavx  -std=c++11  -o BivMergeOutput.o BivMergeOutput.cpp
g++ -c -I../include -I../src -I../thirdparty/ -I../thirdparty/iir1/local/include -I/usr/include/boost/ -g -Wall -O2 -fPIC -mavx  -std=c++11  -o bivoutputmerge.o bivoutputmerge.cpp
g++ -c -I../include -I../src -I../thirdparty/ -I../thirdparty/iir1/local/include -I/usr/include/boost/ -g -Wall -O2 -fPIC -mavx  -std=c++11  -o CorrAnalysis.o CorrAnalysis.cpp
g++ -c -I../include -I../src -I../thirdparty/ -I../thirdparty/iir1/local/include -I/usr/include/boost/ -g -Wall -O2 -fPIC -mavx  -std=c++11  -o CpBivFirstOrderTTest.o CpBivFirstOrderTTest.cpp
CpBivFirstOrderTTest.cpp: In member function ‘virtual void cp_biv_first_order_ttest_t::init(const traceinfo_t*, pwtermset_mode_t)’:
CpBivFirstOrderTTest.cpp:45:10: warning: unused variable ‘p’ [-Wunused-variable]
   45 |     auto p = pimpl.get();
      |          ^
g++ -c -I../include -I../src -I../thirdparty/ -I../thirdparty/iir1/local/include -I/usr/include/boost/ -g -Wall -O2 -fPIC -mavx  -std=c++11  -o CpCompress.o CpCompress.cpp
g++ -c -I../include -I../src -I../thirdparty/ -I../thirdparty/iir1/local/include -I/usr/include/boost/ -g -Wall -O2 -fPIC -mavx  -std=c++11  -o CpConvert.o CpConvert.cpp
g++ -c -I../include -I../src -I../thirdparty/ -I../thirdparty/iir1/local/include -I/usr/include/boost/ -g -Wall -O2 -fPIC -mavx  -std=c++11  -o CpDynLib.o CpDynLib.cpp
g++ -c -I../include -I../src -I../thirdparty/ -I../thirdparty/iir1/local/include -I/usr/include/boost/ -g -Wall -O2 -fPIC -mavx  -std=c++11  -o CpFileBivFirstOrderTTest.o CpFileBivFirstOrderTTest.cpp
g++ -c -I../include -I../src -I../thirdparty/ -I../thirdparty/iir1/local/include -I/usr/include/boost/ -g -Wall -O2 -fPIC -mavx  -std=c++11  -o CpFileBivFirstOrderTTestMt.o CpFileBivFirstOrderTTestMt.cpp
g++ -c -I../include -I../src -I../thirdparty/ -I../thirdparty/iir1/local/include -I/usr/include/boost/ -g -Wall -O2 -fPIC -mavx  -std=c++11  -o CpFileTrivFirstOrderTTest.o CpFileTrivFirstOrderTTest.cpp
g++ -c -I../include -I../src -I../thirdparty/ -I../thirdparty/iir1/local/include -I/usr/include/boost/ -g -Wall -O2 -fPIC -mavx  -std=c++11  -o CpFileUnivFirstOrderTTest.o CpFileUnivFirstOrderTTest.cpp
g++ -c -I../include -I../src -I../thirdparty/ -I../thirdparty/iir1/local/include -I/usr/include/boost/ -g -Wall -O2 -fPIC -mavx  -std=c++11  -o CpFilter.o CpFilter.cpp
g++ -c -I../include -I../src -I../thirdparty/ -I../thirdparty/iir1/local/include -I/usr/include/boost/ -g -Wall -O2 -fPIC -mavx  -std=c++11  -o CpSNR.o CpSNR.cpp
g++ -c -I../include -I../src -I../thirdparty/ -I../thirdparty/iir1/local/include -I/usr/include/boost/ -g -Wall -O2 -fPIC -mavx  -std=c++11  -o CpStack.o CpStack.cpp
g++ -c -I../include -I../src -I../thirdparty/ -I../thirdparty/iir1/local/include -I/usr/include/boost/ -g -Wall -O2 -fPIC -mavx  -std=c++11  -o CpStackFactory.o CpStackFactory.cpp
g++ -c -I../include -I../src -I../thirdparty/ -I../thirdparty/iir1/local/include -I/usr/include/boost/ -g -Wall -O2 -fPIC -mavx  -std=c++11  -o CpTrivFirstOrderTTest.o CpTrivFirstOrderTTest.cpp
g++ -c -I../include -I../src -I../thirdparty/ -I../thirdparty/iir1/local/include -I/usr/include/boost/ -g -Wall -O2 -fPIC -mavx  -std=c++11  -o CpUnivFirstOrderTTest.o CpUnivFirstOrderTTest.cpp
g++ -c -I../include -I../src -I../thirdparty/ -I../thirdparty/iir1/local/include -I/usr/include/boost/ -g -Wall -O2 -fPIC -mavx  -std=c++11  -o CpUnivSecondOrderTTest.o CpUnivSecondOrderTTest.cpp
CpTrivFirstOrderTTest.cpp: In member function ‘virtual void cp_triv_first_order_ttest_t::init(const traceinfo_t*, pwtermset_mode_t)’:
CpTrivFirstOrderTTest.cpp:45:10: warning: unused variable ‘p’ [-Wunused-variable]
   45 |     auto p = pimpl.get();
      |          ^
g++ -c -I../include -I../src -I../thirdparty/ -I../thirdparty/iir1/local/include -I/usr/include/boost/ -g -Wall -O2 -fPIC -mavx  -std=c++11  -o DataFile.o DataFile.cpp
g++ -c -I../include -I../src -I../thirdparty/ -I../thirdparty/iir1/local/include -I/usr/include/boost/ -g -Wall -O2 -fPIC -mavx  -std=c++11  -o ElmoExtModel.o ElmoExtModel.cpp
ElmoExtModel.cpp: In function ‘void load_coeffs(char*, PowerModel*)’:
ElmoExtModel.cpp:101:18: warning: unused variable ‘ra’ [-Wunused-variable]
  101 |     unsigned int ra, j, fvr_only;
      |                  ^~
ElmoExtModel.cpp:101:25: warning: unused variable ‘fvr_only’ [-Wunused-variable]
  101 |     unsigned int ra, j, fvr_only;
      |                         ^~~~~~~~
ElmoExtModel.cpp: In member function ‘virtual void elmoextmodel_t::init(pwmodel_t*, const char*)’:
ElmoExtModel.cpp:215:17: warning: ISO C++ forbids converting a string constant to ‘char*’ [-Wwrite-strings]
  215 |     load_coeffs("../coeffs.txt", &powermodel);
      |                 ^~~~~~~~~~~~~~~
ElmoExtModel.cpp: In member function ‘virtual void elmoextmodel_t::on_first_trace_done(pwmodel_t*)’:
ElmoExtModel.cpp:272:31: warning: narrowing conversion of ‘((elmoextmodel_t*)this)->elmoextmodel_t::_nsamples’ from ‘int’ to ‘uint32_t’ {aka ‘unsigned int’} [-Wnarrowing]
  272 |     traceinfo_t termtraceinfo{_nsamples, _totaltraces, N_PROPS, pm->inputdatalength, "terms"};
      |                               ^~~~~~~~~
ElmoExtModel.cpp:272:42: warning: narrowing conversion of ‘((elmoextmodel_t*)this)->elmoextmodel_t::_totaltraces’ from ‘int’ to ‘uint32_t’ {aka ‘unsigned int’} [-Wnarrowing]
  272 |     traceinfo_t termtraceinfo{_nsamples, _totaltraces, N_PROPS, pm->inputdatalength, "terms"};
      |                                          ^~~~~~~~~~~~
ElmoExtModel.cpp:273:32: warning: narrowing conversion of ‘((elmoextmodel_t*)this)->elmoextmodel_t::_nsamples’ from ‘int’ to ‘uint32_t’ {aka ‘unsigned int’} [-Wnarrowing]
  273 |     traceinfo_t powertraceinfo{_nsamples, _totaltraces, 1, pm->inputdatalength, "power"};
      |                                ^~~~~~~~~
ElmoExtModel.cpp:273:43: warning: narrowing conversion of ‘((elmoextmodel_t*)this)->elmoextmodel_t::_totaltraces’ from ‘int’ to ‘uint32_t’ {aka ‘unsigned int’} [-Wnarrowing]
  273 |     traceinfo_t powertraceinfo{_nsamples, _totaltraces, 1, pm->inputdatalength, "power"};
      |                                           ^~~~~~~~~~~~
ElmoExtModel.cpp: In member function ‘virtual void elmoextmodel_t::on_trace_done(pwmodel_t*)’:
ElmoExtModel.cpp:682:28: warning: suggest parentheses around comparison in operand of ‘|’ [-Wparentheses]
  682 |         if(instructiontype == 2 | instructiontype == 3){
      |            ~~~~~~~~~~~~~~~~^~~~
ElmoExtModel.cpp:737:33: warning: narrowing conversion of ‘((elmoextmodel_t*)this)->elmoextmodel_t::_nsamples’ from ‘int’ to ‘uint32_t’ {aka ‘unsigned int’} [-Wnarrowing]
  737 |     traceinfo_t termstraceinfo {_nsamples, _totaltraces, N_PROPS, pm->inputdatalength, "terms"};
      |                                 ^~~~~~~~~
ElmoExtModel.cpp:737:44: warning: narrowing conversion of ‘((elmoextmodel_t*)this)->elmoextmodel_t::_totaltraces’ from ‘int’ to ‘uint32_t’ {aka ‘unsigned int’} [-Wnarrowing]
  737 |     traceinfo_t termstraceinfo {_nsamples, _totaltraces, N_PROPS, pm->inputdatalength, "terms"};
      |                                            ^~~~~~~~~~~~
ElmoExtModel.cpp:742:33: warning: narrowing conversion of ‘((elmoextmodel_t*)this)->elmoextmodel_t::_nsamples’ from ‘int’ to ‘uint32_t’ {aka ‘unsigned int’} [-Wnarrowing]
  742 |     traceinfo_t powertraceinfo {_nsamples, _totaltraces, N_PROPS, pm->inputdatalength, "terms"};
      |                                 ^~~~~~~~~
ElmoExtModel.cpp:742:44: warning: narrowing conversion of ‘((elmoextmodel_t*)this)->elmoextmodel_t::_totaltraces’ from ‘int’ to ‘uint32_t’ {aka ‘unsigned int’} [-Wnarrowing]
  742 |     traceinfo_t powertraceinfo {_nsamples, _totaltraces, N_PROPS, pm->inputdatalength, "terms"};
      |                                            ^~~~~~~~~~~~
ElmoExtModel.cpp:283:33: warning: unused variable ‘supplycurrent’ [-Wunused-variable]
  283 |     double differentialvoltage, supplycurrent, power;
      |                                 ^~~~~~~~~~~~~
ElmoExtModel.cpp:284:9: warning: unused variable ‘last_ldrstr_state’ [-Wunused-variable]
  284 |     int last_ldrstr_state=-1;
      |         ^~~~~~~~~~~~~~~~~
ElmoExtModel.cpp:288:12: warning: variable ‘NM_Op1Op2_Overwrite_data’ set but not used [-Wunused-but-set-variable]
  288 |     double NM_Op1Op2_Overwrite_data = 0;
      |            ^~~~~~~~~~~~~~~~~~~~~~~~
ElmoExtModel.cpp:296:14: warning: variable ‘states_op1_reg’ set but not used [-Wunused-but-set-variable]
  296 |     uint16_t states_op1_reg[STATE_CLASS_COUNT] = {ST_REG_NONE};
      |              ^~~~~~~~~~~~~~
ElmoExtModel.cpp:298:14: warning: unused variable ‘state_class’ [-Wunused-variable]
  298 |     uint32_t state_class;
      |              ^~~~~~~~~~~
ElmoExtModel.cpp:333:12: warning: variable ‘LDR_state_data’ set but not used [-Wunused-but-set-variable]
  333 |     double LDR_state_data = 0;
      |            ^~~~~~~~~~~~~~
ElmoExtModel.cpp:334:12: warning: variable ‘STR_state_data’ set but not used [-Wunused-but-set-variable]
  334 |     double STR_state_data = 0;
      |            ^~~~~~~~~~~~~~
ElmoExtModel.cpp:335:12: warning: unused variable ‘EORS_state_data’ [-Wunused-variable]
  335 |     double EORS_state_data = 0;
      |            ^~~~~~~~~~~~~~~
g++ -c -I../include -I../src -I../thirdparty/ -I../thirdparty/iir1/local/include -I/usr/include/boost/ -g -Wall -O2 -fPIC -mavx  -std=c++11  -o ElmoModel.o ElmoModel.cpp
g++ -c -I../include -I../src -I../thirdparty/ -I../thirdparty/iir1/local/include -I/usr/include/boost/ -g -Wall -O2 -fPIC -mavx  -std=c++11  -o FileProcessor.o FileProcessor.cpp
g++ -c -I../include -I../src -I../thirdparty/ -I../thirdparty/iir1/local/include -I/usr/include/boost/ -g -Wall -O2 -fPIC -mavx  -std=c++11  -o FirstOrderTTestAnalysis.o FirstOrderTTestAnalysis.cpp
ElmoExtModel.cpp: In function ‘void readcoeffs(double (*)[5], FILE*, int)’:
ElmoExtModel.cpp:75:14: warning: ignoring return value of ‘char* fgets(char*, int, FILE*)’ declared with attribute ‘warn_unused_result’ [-Wunused-result]
   75 |         fgets(line, sizeof line, fp);
      |         ~~~~~^~~~~~~~~~~~~~~~~~~~~~~
ElmoExtModel.cpp: In function ‘void load_coeffs(char*, PowerModel*)’:
ElmoExtModel.cpp:111:10: warning: ignoring return value of ‘char* fgets(char*, int, FILE*)’ declared with attribute ‘warn_unused_result’ [-Wunused-result]
  111 |     fgets(line, sizeof line, fpcoeffs);
      |     ~~~~~^~~~~~~~~~~~~~~~~~~~~~~~~~~~~
ElmoModel.cpp: In function ‘void load_coeffs(char*, PowerModel*)’:
ElmoModel.cpp:99:18: warning: unused variable ‘ra’ [-Wunused-variable]
   99 |     unsigned int ra, j, fvr_only;
      |                  ^~
ElmoModel.cpp:99:25: warning: unused variable ‘fvr_only’ [-Wunused-variable]
   99 |     unsigned int ra, j, fvr_only;
      |                         ^~~~~~~~
ElmoModel.cpp: In member function ‘virtual void elmomodel_t::on_trace_done(pwmodel_t*)’:
ElmoModel.cpp:599:28: warning: suggest parentheses around comparison in operand of ‘|’ [-Wparentheses]
  599 |         if(instructiontype == 2 | instructiontype == 3){
      |            ~~~~~~~~~~~~~~~~^~~~
ElmoModel.cpp:241:33: warning: unused variable ‘supplycurrent’ [-Wunused-variable]
  241 |     double differentialvoltage, supplycurrent, power;
      |                                 ^~~~~~~~~~~~~
ElmoModel.cpp:242:9: warning: unused variable ‘last_ldrstr_state’ [-Wunused-variable]
  242 |     int last_ldrstr_state=-1;
      |         ^~~~~~~~~~~~~~~~~
ElmoModel.cpp:246:12: warning: variable ‘NM_Op1Op2_Overwrite_data’ set but not used [-Wunused-but-set-variable]
  246 |     double NM_Op1Op2_Overwrite_data = 0;
      |            ^~~~~~~~~~~~~~~~~~~~~~~~
ElmoModel.cpp:247:12: warning: variable ‘NM_Op1_Overwrite_data’ set but not used [-Wunused-but-set-variable]
  247 |     double NM_Op1_Overwrite_data = 0;
      |            ^~~~~~~~~~~~~~~~~~~~~
ElmoModel.cpp:248:12: warning: variable ‘NM_Op2_Overwrite_data’ set but not used [-Wunused-but-set-variable]
  248 |     double NM_Op2_Overwrite_data = 0;
      |            ^~~~~~~~~~~~~~~~~~~~~
ElmoModel.cpp:250:12: warning: variable ‘state_cum_data’ set but not used [-Wunused-but-set-variable]
  250 |     double state_cum_data[STATE_CLASS_COUNT] = {0};
      |            ^~~~~~~~~~~~~~
ElmoModel.cpp:252:14: warning: variable ‘states_op1_reg’ set but not used [-Wunused-but-set-variable]
  252 |     uint16_t states_op1_reg[STATE_CLASS_COUNT] = {ST_REG_NONE};
      |              ^~~~~~~~~~~~~~
ElmoModel.cpp:254:14: warning: unused variable ‘state_class’ [-Wunused-variable]
  254 |     uint32_t state_class;
      |              ^~~~~~~~~~~
ElmoModel.cpp:289:12: warning: variable ‘LDR_state_data’ set but not used [-Wunused-but-set-variable]
  289 |     double LDR_state_data = 0;
      |            ^~~~~~~~~~~~~~
ElmoModel.cpp:290:12: warning: variable ‘STR_state_data’ set but not used [-Wunused-but-set-variable]
  290 |     double STR_state_data = 0;
      |            ^~~~~~~~~~~~~~
ElmoModel.cpp:291:12: warning: unused variable ‘EORS_state_data’ [-Wunused-variable]
  291 |     double EORS_state_data = 0;
      |            ^~~~~~~~~~~~~~~
ElmoModel.cpp: At global scope:
ElmoModel.cpp:96:13: warning: ‘void load_coeffs(char*, PowerModel*)’ defined but not used [-Wunused-function]
   96 | static void load_coeffs(char* coeffsfile, PowerModel* pwModel)
      |             ^~~~~~~~~~~
g++ -c -I../include -I../src -I../thirdparty/ -I../thirdparty/iir1/local/include -I/usr/include/boost/ -g -Wall -O2 -fPIC -mavx  -std=c++11  -o HWModel.o HWModel.cpp
HWModel.cpp: In function ‘void load_coeffs(char*, PowerModel*)’:
HWModel.cpp:97:18: warning: unused variable ‘ra’ [-Wunused-variable]
   97 |     unsigned int ra, j, fvr_only;
      |                  ^~
HWModel.cpp:97:25: warning: unused variable ‘fvr_only’ [-Wunused-variable]
   97 |     unsigned int ra, j, fvr_only;
      |                         ^~~~~~~~
HWModel.cpp: In member function ‘virtual void hwmodel_t::on_trace_done(pwmodel_t*)’:
HWModel.cpp:598:28: warning: suggest parentheses around comparison in operand of ‘|’ [-Wparentheses]
  598 |         if(instructiontype == 2 | instructiontype == 3){
      |            ~~~~~~~~~~~~~~~~^~~~
HWModel.cpp:240:33: warning: unused variable ‘supplycurrent’ [-Wunused-variable]
  240 |     double differentialvoltage, supplycurrent, power;
      |                                 ^~~~~~~~~~~~~
HWModel.cpp:241:9: warning: unused variable ‘last_ldrstr_state’ [-Wunused-variable]
  241 |     int last_ldrstr_state=-1;
      |         ^~~~~~~~~~~~~~~~~
HWModel.cpp:245:12: warning: variable ‘NM_Op1Op2_Overwrite_data’ set but not used [-Wunused-but-set-variable]
  245 |     double NM_Op1Op2_Overwrite_data = 0;
      |            ^~~~~~~~~~~~~~~~~~~~~~~~
HWModel.cpp:246:12: warning: variable ‘NM_Op1_Overwrite_data’ set but not used [-Wunused-but-set-variable]
  246 |     double NM_Op1_Overwrite_data = 0;
      |            ^~~~~~~~~~~~~~~~~~~~~
HWModel.cpp:247:12: warning: variable ‘NM_Op2_Overwrite_data’ set but not used [-Wunused-but-set-variable]
  247 |     double NM_Op2_Overwrite_data = 0;
      |            ^~~~~~~~~~~~~~~~~~~~~
HWModel.cpp:249:12: warning: variable ‘state_cum_data’ set but not used [-Wunused-but-set-variable]
  249 |     double state_cum_data[STATE_CLASS_COUNT] = {0};
      |            ^~~~~~~~~~~~~~
HWModel.cpp:251:14: warning: variable ‘states_op1_reg’ set but not used [-Wunused-but-set-variable]
  251 |     uint16_t states_op1_reg[STATE_CLASS_COUNT] = {ST_REG_NONE};
      |              ^~~~~~~~~~~~~~
HWModel.cpp:253:14: warning: unused variable ‘state_class’ [-Wunused-variable]
  253 |     uint32_t state_class;
      |              ^~~~~~~~~~~
HWModel.cpp:288:12: warning: variable ‘LDR_state_data’ set but not used [-Wunused-but-set-variable]
  288 |     double LDR_state_data = 0;
      |            ^~~~~~~~~~~~~~
HWModel.cpp:289:12: warning: variable ‘STR_state_data’ set but not used [-Wunused-but-set-variable]
  289 |     double STR_state_data = 0;
      |            ^~~~~~~~~~~~~~
HWModel.cpp:290:12: warning: unused variable ‘EORS_state_data’ [-Wunused-variable]
  290 |     double EORS_state_data = 0;
      |            ^~~~~~~~~~~~~~~
HWModel.cpp: At global scope:
HWModel.cpp:94:13: warning: ‘void load_coeffs(char*, PowerModel*)’ defined but not used [-Wunused-function]
   94 | static void load_coeffs(char* coeffsfile, PowerModel* pwModel)
      |             ^~~~~~~~~~~
g++ -c -I../include -I../src -I../thirdparty/ -I../thirdparty/iir1/local/include -I/usr/include/boost/ -g -Wall -O2 -fPIC -mavx  -std=c++11  -o Log.o Log.cpp
g++ -c -I../include -I../src -I../thirdparty/ -I../thirdparty/iir1/local/include -I/usr/include/boost/ -g -Wall -O2 -fPIC -mavx  -std=c++11  -o MeanAnalysis.o MeanAnalysis.cpp
ElmoExtModel.cpp: In member function ‘virtual void elmoextmodel_t::on_trace_done(pwmodel_t*)’:
ElmoExtModel.cpp:749:15: warning: ‘fp’ may be used uninitialized in this function [-Wmaybe-uninitialized]
  749 |         fclose(fp);
      |         ~~~~~~^~~~
ElmoExtModel.cpp:752:49: warning: ‘fp_nonprofiled’ may be used uninitialized in this function [-Wmaybe-uninitialized]
  752 |     if(t==0 || PRINTALLNONPROFILEDTRACES) fclose(fp_nonprofiled);
      |                                           ~~~~~~^~~~~~~~~~~~~~~~
g++ -c -I../include -I../src -I../thirdparty/ -I../thirdparty/iir1/local/include -I/usr/include/boost/ -g -Wall -O2 -fPIC -mavx  -std=c++11  -o Passes.o Passes.cpp
g++ -c -I../include -I../src -I../thirdparty/ -I../thirdparty/iir1/local/include -I/usr/include/boost/ -g -Wall -O2 -fPIC -mavx  -std=c++11  -o Perf.o Perf.cpp
g++ -c -I../include -I../src -I../thirdparty/ -I../thirdparty/iir1/local/include -I/usr/include/boost/ -g -Wall -O2 -fPIC -mavx  -std=c++11  -o PWArgs.o PWArgs.cpp
g++ -c -I../include -I../src -I../thirdparty/ -I../thirdparty/iir1/local/include -I/usr/include/boost/ -g -Wall -O2 -fPIC -mavx  -std=c++11  -o PWConfig.o PWConfig.cpp
g++ -c -I../include -I../src -I../thirdparty/ -I../thirdparty/iir1/local/include -I/usr/include/boost/ -g -Wall -O2 -fPIC -mavx  -std=c++11  -o PWFactory.o PWFactory.cpp
g++ -c -I../include -I../src -I../thirdparty/ -I../thirdparty/iir1/local/include -I/usr/include/boost/ -g -Wall -O2 -fPIC -mavx  -std=c++11  -o PWModel.o PWModel.cpp
g++ -c -I../include -I../src -I../thirdparty/ -I../thirdparty/iir1/local/include -I/usr/include/boost/ -g -Wall -O2 -fPIC -mavx  -std=c++11  -o PWTermSet.o PWTermSet.cpp
g++ -c -I../include -I../src -I../thirdparty/ -I../thirdparty/iir1/local/include -I/usr/include/boost/ -g -Wall -O2 -fPIC -mavx  -std=c++11  -o PWTermSetMode.o PWTermSetMode.cpp
g++ -c -I../include -I../src -I../thirdparty/ -I../thirdparty/iir1/local/include -I/usr/include/boost/ -g -Wall -O2 -fPIC -mavx  -std=c++11  -o SecondOrderTTestAnalysis.o SecondOrderTTestAnalysis.cpp
g++ -c -I../include -I../src -I../thirdparty/ -I../thirdparty/iir1/local/include -I/usr/include/boost/ -g -Wall -O2 -fPIC -mavx  -std=c++11  -o SNRAnalysis.o SNRAnalysis.cpp
g++ -c -I../include -I../src -I../thirdparty/ -I../thirdparty/iir1/local/include -I/usr/include/boost/ -g -Wall -O2 -fPIC -mavx  -std=c++11  -o StCorr.o StCorr.cpp
StCorr.cpp: In lambda function:
StCorr.cpp:58:25: warning: unused variable ‘stdinval’ [-Wunused-variable]
   58 |                     int stdinval=0;
      |                         ^~~~~~~~
g++ -c -I../include -I../src -I../thirdparty/ -I../thirdparty/iir1/local/include -I/usr/include/boost/ -g -Wall -O2 -fPIC -mavx  -std=c++11  -o StFott.o StFott.cpp
g++ -c -I../include -I../src -I../thirdparty/ -I../thirdparty/iir1/local/include -I/usr/include/boost/ -g -Wall -O2 -fPIC -mavx  -std=c++11  -o StMean.o StMean.cpp
g++ -c -I../include -I../src -I../thirdparty/ -I../thirdparty/iir1/local/include -I/usr/include/boost/ -g -Wall -O2 -fPIC -mavx  -std=c++11  -o StNorm.o StNorm.cpp
g++ -c -I../include -I../src -I../thirdparty/ -I../thirdparty/iir1/local/include -I/usr/include/boost/ -g -Wall -O2 -fPIC -mavx  -std=c++11  -o StTraceCombiner.o StTraceCombiner.cpp
g++ -c -I../include -I../src -I../thirdparty/ -I../thirdparty/iir1/local/include -I/usr/include/boost/ -g -Wall -O2 -fPIC -mavx  -std=c++11  -o Trace.o Trace.cpp
g++ -c -I../include -I../src -I../thirdparty/ -I../thirdparty/iir1/local/include -I/usr/include/boost/ -g -Wall -O2 -fPIC -mavx  -std=c++11  -o traceprocessor.o traceprocessor.cpp
g++ -c -I../include -I../src -I../thirdparty/ -I../thirdparty/iir1/local/include -I/usr/include/boost/ -g -Wall -O2 -fPIC -mavx  -std=c++11  -o TraceReaderNpy.o TraceReaderNpy.cpp
g++ -c -I../include -I../src -I../thirdparty/ -I../thirdparty/iir1/local/include -I/usr/include/boost/ -g -Wall -O2 -fPIC -mavx  -std=c++11  -o TraceReaderTrs.o TraceReaderTrs.cpp
TraceReaderTrs.cpp: In member function ‘virtual int tracereader_trs_t::read_trace(trace_t*)’:
TraceReaderTrs.cpp:92:12: warning: unused variable ‘nsamples’ [-Wunused-variable]
   92 |     size_t nsamples = p->traceinfo.nsamples * p->traceinfo.nterms;
      |            ^~~~~~~~
g++ -c -I../include -I../src -I../thirdparty/ -I../thirdparty/iir1/local/include -I/usr/include/boost/ -g -Wall -O2 -fPIC -mavx  -std=c++11  -o TraceReaderXrc.o TraceReaderXrc.cpp
g++ -c -I../include -I../src -I../thirdparty/ -I../thirdparty/iir1/local/include -I/usr/include/boost/ -g -Wall -O2 -fPIC -mavx  -std=c++11  -o TraceUtils.o TraceUtils.cpp
g++ -c -I../include -I../src -I../thirdparty/ -I../thirdparty/iir1/local/include -I/usr/include/boost/ -g -Wall -O2 -fPIC -mavx  -std=c++11  -o TraceWriterNpy.o TraceWriterNpy.cpp
g++ -c -I../include -I../src -I../thirdparty/ -I../thirdparty/iir1/local/include -I/usr/include/boost/ -g -Wall -O2 -fPIC -mavx  -std=c++11  -o TraceWriterTrs.o TraceWriterTrs.cpp
g++ -c -I../include -I../src -I../thirdparty/ -I../thirdparty/iir1/local/include -I/usr/include/boost/ -g -Wall -O2 -fPIC -mavx  -std=c++11  -o TraceWriterWrapper.o TraceWriterWrapper.cpp
g++ -c -I../include -I../src -I../thirdparty/ -I../thirdparty/iir1/local/include -I/usr/include/boost/ -g -Wall -O2 -fPIC -mavx  -std=c++11  -o transposer.o transposer.cpp
g++ -c -I../include -I../src -I../thirdparty/ -I../thirdparty/iir1/local/include -I/usr/include/boost/ -g -Wall -O2 -fPIC -mavx  -std=c++11  -o Util.o Util.cpp
Util.cpp: In function ‘int pwutil_get_tracecount(const char*)’:
Util.cpp:38:11: warning: ignoring return value of ‘int fscanf(FILE*, const char*, ...)’ declared with attribute ‘warn_unused_result’ [-Wunused-result]
   38 |     fscanf(ft,"%d",&tracecount);
      |     ~~~~~~^~~~~~~~~~~~~~~~~~~~~
g++ -c -I../include -I../src -I../thirdparty/ -I../thirdparty/iir1/local/include -I/usr/include/boost/ -g -Wall -O2 -fPIC -mavx  -std=c++11  -o WorkContext.o WorkContext.cpp
g++ -c -I../include -I../src -I../thirdparty/ -I../thirdparty/iir1/local/include -I/usr/include/boost/ -g -Wall -O2 -fPIC -mavx  -std=c++11  -o ../thirdparty/npy/npy.o ../thirdparty/npy/npy.cpp
cc -c -I../include -I../src -I../thirdparty/ -I../thirdparty/iir1/local/include -I/usr/include/boost/ -g -Wall -O2 -fPIC -mavx  -o ../thirdparty/progress/progress.o ../thirdparty/progress/progress.c
cc -c -I../include -I../src -I../thirdparty/ -I../thirdparty/iir1/local/include -I/usr/include/boost/ -g -Wall -O2 -fPIC -mavx  -o ../thirdparty/tracewriter/tracewriter_xrc.o ../thirdparty/tracewriter/tracewriter_xrc.c
../thirdparty/tracewriter/tracewriter_xrc.c: In function ‘tw_open’:
../thirdparty/tracewriter/tracewriter_xrc.c:36:13: warning: unused variable ‘status’ [-Wunused-variable]
   36 |         int status = fstat (tw->fd, &s);
      |             ^~~~~~
../thirdparty/tracewriter/tracewriter_xrc.c: In function ‘tw_close’:
../thirdparty/tracewriter/tracewriter_xrc.c:97:13: warning: unused variable ‘status’ [-Wunused-variable]
   97 |         int status = fstat (tw->fd, &s);
      |             ^~~~~~
../thirdparty/tracewriter/tracewriter_xrc.c: In function ‘tw_get_property’:
../thirdparty/tracewriter/tracewriter_xrc.c:60:9: warning: ignoring return value of ‘fread’ declared with attribute ‘warn_unused_result’ [-Wunused-result]
   60 |         fread(value, sizeof(uint32_t), 1, tw->file);
      |         ^~~~~~~~~~~~~~~~~~~~~~~~~~~~~~~~~~~~~~~~~~~
cc -c -I../include -I../src -I../thirdparty/ -I../thirdparty/iir1/local/include -I/usr/include/boost/ -g -Wall -O2 -fPIC -mavx  -o ../thirdparty/trs/trs.o ../thirdparty/trs/trs.c
g++ -shared -g -Wall -O2 -fPIC -mavx  -std=c++11  ../thirdparty/progress/progress.o ../thirdparty/tracewriter/tracewriter_xrc.o ../thirdparty/trs/trs.o Allocator.o AnalysisOuput.o BivAnalysisMt.o BivMergeOutput.o CorrAnalysis.o CpBivFirstOrderTTest.o CpCompress.o CpConvert.o CpDynLib.o CpFileBivFirstOrderTTest.o CpFileBivFirstOrderTTestMt.o CpFileTrivFirstOrderTTest.o CpFileUnivFirstOrderTTest.o CpFilter.o CpSNR.o CpStack.o CpStackFactory.o CpTrivFirstOrderTTest.o CpUnivFirstOrderTTest.o CpUnivSecondOrderTTest.o DataFile.o ElmoExtModel.o ElmoModel.o FileProcessor.o FirstOrderTTestAnalysis.o HWModel.o Log.o MeanAnalysis.o Passes.o Perf.o PWArgs.o PWConfig.o PWFactory.o PWModel.o PWTermSet.o PWTermSetMode.o SecondOrderTTestAnalysis.o SNRAnalysis.o StCorr.o StFott.o StMean.o StNorm.o StTraceCombiner.o Trace.o TraceReaderNpy.o TraceReaderTrs.o TraceReaderXrc.o TraceUtils.o TraceWriterNpy.o TraceWriterTrs.o TraceWriterWrapper.o Util.o WorkContext.o ../thirdparty/npy/npy.o -o libpwmodel.so
g++ -g -Wall -O2 -fPIC -mavx  -std=c++11  traceprocessor.o PWArgs.o   -o traceprocessor -L. -lpwmodel -lpthread -ldl -lboost_filesystem -L../thirdparty/iir1/local/lib -liir_static
g++ -g -Wall -O2 -fPIC -mavx  -std=c++11  bivoutputmerge.o -o bivoutputmerge -L. -lpwmodel -lpthread -ldl -lboost_filesystem -L../thirdparty/iir1/local/lib -liir_static
g++ -g -Wall -O2 -fPIC -mavx  -std=c++11  transposer.o -o transposer -L. -lpwmodel -lpthread -ldl -lboost_filesystem -L../thirdparty/iir1/local/lib -liir_static
